This is pdfTeX, Version 3.141592653-2.6-1.40.26 (TeX Live 2024) (preloaded format=pdflatex 2024.9.3)  3 SEP 2024 17:25
entering extended mode
 restricted \write18 enabled.
 file:line:error style messages enabled.
 %&-line parsing enabled.
**c:/Users/a/Desktop/å­¦æ¸£çš„ä¸“ç”¨æ–‡ä»¶å¤¹/2024æš‘å‡æ•°æ¨¡å›½èµ›/MathModelingLatexTemplate-main/MathModelingLatexTemplate-main/CUMCMthesisSCUT
(c:/Users/a/Desktop/å­¦æ¸£çš„ä¸“ç”¨æ–‡ä»¶å¤¹/2024æš‘å‡æ•°æ¨¡å›½èµ›/MathModelingLatexTemplate-main/MathModelingLatexTemplate-main/CUMCMthesisSCUT.tex
LaTeX2e <2023-11-01> patch level 1
L3 programming layer <2024-02-20>
(c:/texlive/2024/texmf-dist/tex/latex/base/article.cls
Document Class: article 2023/05/17 v1.4n Standard LaTeX document class
(c:/texlive/2024/texmf-dist/tex/latex/base/size12.clo
File: size12.clo 2023/05/17 v1.4n Standard LaTeX file (size option)
)
\c@part=\count188
\c@section=\count189
\c@subsection=\count190
\c@subsubsection=\count191
\c@paragraph=\count192
\c@subparagraph=\count193
\c@figure=\count194
\c@table=\count195
\abovecaptionskip=\skip48
\belowcaptionskip=\skip49
\bibindent=\dimen140
) (c:/texlive/2024/texmf-dist/tex/latex/geometry/geometry.sty
Package: geometry 2020/01/02 v5.9 Page Geometry
 (c:/texlive/2024/texmf-dist/tex/latex/graphics/keyval.sty
Package: keyval 2022/05/29 v1.15 key=value parser (DPC)
\KV@toks@=\toks17
) (c:/texlive/2024/texmf-dist/tex/generic/iftex/ifvtex.sty
Package: ifvtex 2019/10/25 v1.7 ifvtex legacy package. Use iftex instead.
 (c:/texlive/2024/texmf-dist/tex/generic/iftex/iftex.sty
Package: iftex 2022/02/03 v1.0f TeX engine tests
))
\Gm@cnth=\count196
\Gm@cntv=\count197
\c@Gm@tempcnt=\count198
\Gm@bindingoffset=\dimen141
\Gm@wd@mp=\dimen142
\Gm@odd@mp=\dimen143
\Gm@even@mp=\dimen144
\Gm@layoutwidth=\dimen145
\Gm@layoutheight=\dimen146
\Gm@layouthoffset=\dimen147
\Gm@layoutvoffset=\dimen148
\Gm@dimlist=\toks18
) (c:/texlive/2024/texmf-dist/tex/latex/ctex/ctex.sty (c:/texlive/2024/texmf-dist/tex/latex/l3kernel/expl3.sty
Package: expl3 2024-02-20 L3 programming layer (loader) 
 (c:/texlive/2024/texmf-dist/tex/latex/l3backend/l3backend-pdftex.def
File: l3backend-pdftex.def 2024-02-20 L3 backend support: PDF output (pdfTeX)
\l__color_backend_stack_int=\count199
\l__pdf_internal_box=\box51
))
Package: ctex 2022/07/14 v2.5.10 Chinese adapter in LaTeX (CTEX)
 (c:/texlive/2024/texmf-dist/tex/latex/ctex/ctexhook.sty
Package: ctexhook 2022/07/14 v2.5.10 Document and package hooks (CTEX)
) (c:/texlive/2024/texmf-dist/tex/latex/ctex/ctexpatch.sty
Package: ctexpatch 2022/07/14 v2.5.10 Patching commands (CTEX)
) (c:/texlive/2024/texmf-dist/tex/latex/base/fix-cm.sty
Package: fix-cm 2020/11/24 v1.1t fixes to LaTeX
 (c:/texlive/2024/texmf-dist/tex/latex/base/ts1enc.def
File: ts1enc.def 2001/06/05 v3.0e (jk/car/fm) Standard LaTeX file
LaTeX Font Info:    Redeclaring font encoding TS1 on input line 47.
))
\l__ctex_tmp_int=\count266
\l__ctex_tmp_box=\box52
\l__ctex_tmp_dim=\dimen149
\g__ctex_section_depth_int=\count267
\g__ctex_font_size_int=\count268
 (c:/texlive/2024/texmf-dist/tex/latex/ctex/config/ctexopts.cfg
File: ctexopts.cfg 2022/07/14 v2.5.10 Option configuration file (CTEX)
)

Package ctex Warning: UTF8 will be used as the default encoding.

(c:/texlive/2024/texmf-dist/tex/latex/ctex/engine/ctex-engine-pdftex.def
File: ctex-engine-pdftex.def 2022/07/14 v2.5.10 (pdf)LaTeX adapter (CTEX)
 (c:/texlive/2024/texmf-dist/tex/latex/cjk/texinput/CJKutf8.sty
Package: CJKutf8 2021/10/16 4.8.5
 (c:/texlive/2024/texmf-dist/tex/generic/iftex/ifpdf.sty
Package: ifpdf 2019/10/25 v3.4 ifpdf legacy package. Use iftex instead.
) (c:/texlive/2024/texmf-dist/tex/latex/base/inputenc.sty
Package: inputenc 2021/02/14 v1.3d Input encoding file
\inpenc@prehook=\toks19
\inpenc@posthook=\toks20
) (c:/texlive/2024/texmf-dist/tex/latex/cjk/texinput/CJK.sty
Package: CJK 2021/10/16 4.8.5
 (c:/texlive/2024/texmf-dist/tex/latex/cjk/texinput/mule/MULEenc.sty
Package: MULEenc 2021/10/16 4.8.5
) (c:/texlive/2024/texmf-dist/tex/latex/cjk/texinput/CJK.enc
File: CJK.enc 2021/10/16 4.8.5
Now handling font encoding C00 ...
... no UTF-8 mapping file for font encoding C00
Now handling font encoding C05 ...
... no UTF-8 mapping file for font encoding C05
Now handling font encoding C09 ...
... no UTF-8 mapping file for font encoding C09
Now handling font encoding C10 ...
... no UTF-8 mapping file for font encoding C10
Now handling font encoding C20 ...
... no UTF-8 mapping file for font encoding C20
Now handling font encoding C19 ...
... no UTF-8 mapping file for font encoding C19
Now handling font encoding C40 ...
... no UTF-8 mapping file for font encoding C40
Now handling font encoding C42 ...
... no UTF-8 mapping file for font encoding C42
Now handling font encoding C43 ...
... no UTF-8 mapping file for font encoding C43
Now handling font encoding C50 ...
... no UTF-8 mapping file for font encoding C50
Now handling font encoding C52 ...
... no UTF-8 mapping file for font encoding C52
Now handling font encoding C49 ...
... no UTF-8 mapping file for font encoding C49
Now handling font encoding C60 ...
... no UTF-8 mapping file for font encoding C60
Now handling font encoding C61 ...
... no UTF-8 mapping file for font encoding C61
Now handling font encoding C63 ...
... no UTF-8 mapping file for font encoding C63
Now handling font encoding C64 ...
... no UTF-8 mapping file for font encoding C64
Now handling font encoding C65 ...
... no UTF-8 mapping file for font encoding C65
Now handling font encoding C70 ...
... no UTF-8 mapping file for font encoding C70
Now handling font encoding C31 ...
... no UTF-8 mapping file for font encoding C31
Now handling font encoding C32 ...
... no UTF-8 mapping file for font encoding C32
Now handling font encoding C33 ...
... no UTF-8 mapping file for font encoding C33
Now handling font encoding C34 ...
... no UTF-8 mapping file for font encoding C34
Now handling font encoding C35 ...
... no UTF-8 mapping file for font encoding C35
Now handling font encoding C36 ...
... no UTF-8 mapping file for font encoding C36
Now handling font encoding C37 ...
... no UTF-8 mapping file for font encoding C37
Now handling font encoding C80 ...
... no UTF-8 mapping file for font encoding C80
Now handling font encoding C81 ...
... no UTF-8 mapping file for font encoding C81
Now handling font encoding C01 ...
... no UTF-8 mapping file for font encoding C01
Now handling font encoding C11 ...
... no UTF-8 mapping file for font encoding C11
Now handling font encoding C21 ...
... no UTF-8 mapping file for font encoding C21
Now handling font encoding C41 ...
... no UTF-8 mapping file for font encoding C41
Now handling font encoding C62 ...
... no UTF-8 mapping file for font encoding C62
)
\CJK@indent=\box53
) (c:/texlive/2024/texmf-dist/tex/latex/base/fontenc.sty
Package: fontenc 2021/04/29 v2.0v Standard LaTeX package
)) (c:/texlive/2024/texmf-dist/tex/latex/cjkpunct/CJKpunct.sty
Package: CJKpunct 2016/05/14 4.8.4
\CJKpunct@cnta=\count269
\CJKpunct@cntb=\count270
\CJKpunct@cntc=\count271
\CJKpunct@cntd=\count272
\CJKpunct@cnte=\count273
   defining Unicode char U+2018 (decimal 8216)
   defining Unicode char U+2019 (decimal 8217)
   defining Unicode char U+201C (decimal 8220)
   defining Unicode char U+201D (decimal 8221)
   defining Unicode char U+2014 (decimal 8212)
   defining Unicode char U+2026 (decimal 8230)
 (c:/texlive/2024/texmf-dist/tex/latex/cjkpunct/CJKpunct.spa)) (c:/texlive/2024/texmf-dist/tex/latex/cjk/texinput/CJKspace.sty
Package: CJKspace 2021/10/16 3.8.0
) (c:/texlive/2024/texmf-dist/tex/latex/cjk/texinput/UTF8/UTF8.bdg
File: UTF8.bdg 2021/10/16 4.8.5
) (c:/texlive/2024/texmf-dist/tex/latex/ctex/ctexspa.def
File: ctexspa.def 2022/07/14 v2.5.10 Space info for CJKpunct (CTEX)
)
\ccwd=\dimen150
\l__ctex_ccglue_skip=\skip50
)
\l__ctex_ziju_dim=\dimen151
 (c:/texlive/2024/texmf-dist/tex/latex/zhnumber/zhnumber.sty
Package: zhnumber 2022/07/14 v3.0 Typesetting numbers with Chinese glyphs
\l__zhnum_scale_int=\count274
\l__zhnum_tmp_int=\count275
 (c:/texlive/2024/texmf-dist/tex/latex/zhnumber/zhnumber-utf8.cfg
File: zhnumber-utf8.cfg 2022/07/14 v3.0 Chinese numerals with UTF8 encoding
)) (c:/texlive/2024/texmf-dist/tex/latex/ctex/scheme/ctex-scheme-chinese.def
File: ctex-scheme-chinese.def 2022/07/14 v2.5.10 Chinese scheme for generic (CTEX)
 (c:/texlive/2024/texmf-dist/tex/latex/ctex/config/ctex-name-utf8.cfg
File: ctex-name-utf8.cfg 2022/07/14 v2.5.10 Caption with encoding UTF-8 (CTEX)
)) (c:/texlive/2024/texmf-dist/tex/latex/tools/indentfirst.sty
Package: indentfirst 2023/07/02 v1.03 Indent first paragraph (DPC)
) (c:/texlive/2024/texmf-dist/tex/latex/ctex/fontset/ctex-fontset-windows.def
File: ctex-fontset-windows.def 2022/07/14 v2.5.10 Windows fonts definition (CTEX)
)) (c:/texlive/2024/texmf-dist/tex/latex/ctex/config/ctex.cfg
File: ctex.cfg 2022/07/14 v2.5.10 Configuration file (CTEX)
) (c:/texlive/2024/texmf-dist/tex/latex/sectsty/sectsty.sty
Package: sectsty 2002/02/25 v2.0.2 Commands to change all sectional heading styles


LaTeX Warning: Command \underbar  has changed.
               Check if current package is valid.


LaTeX Warning: Command \underline  has changed.
               Check if current package is valid.

) (c:/texlive/2024/texmf-dist/tex/latex/xcolor/xcolor.sty
Package: xcolor 2023/11/15 v3.01 LaTeX color extensions (UK)
 (c:/texlive/2024/texmf-dist/tex/latex/graphics-cfg/color.cfg
File: color.cfg 2016/01/02 v1.6 sample color configuration
)
Package xcolor Info: Driver file: pdftex.def on input line 274.
 (c:/texlive/2024/texmf-dist/tex/latex/graphics-def/pdftex.def
File: pdftex.def 2022/09/22 v1.2b Graphics/color driver for pdftex
) (c:/texlive/2024/texmf-dist/tex/latex/graphics/mathcolor.ltx)
Package xcolor Info: Model `cmy' substituted by `cmy0' on input line 1350.
Package xcolor Info: Model `hsb' substituted by `rgb' on input line 1354.
Package xcolor Info: Model `RGB' extended on input line 1366.
Package xcolor Info: Model `HTML' substituted by `rgb' on input line 1368.
Package xcolor Info: Model `Hsb' substituted by `hsb' on input line 1369.
Package xcolor Info: Model `tHsb' substituted by `hsb' on input line 1370.
Package xcolor Info: Model `HSB' substituted by `hsb' on input line 1371.
Package xcolor Info: Model `Gray' substituted by `gray' on input line 1372.
Package xcolor Info: Model `wave' substituted by `hsb' on input line 1373.
) (c:/texlive/2024/texmf-dist/tex/latex/graphics/dvipsnam.def
File: dvipsnam.def 2016/06/17 v3.0m Driver-dependent file (DPC,SPQR)
) (c:/texlive/2024/texmf-dist/tex/latex/booktabs/booktabs.sty
Package: booktabs 2020/01/12 v1.61803398 Publication quality tables
\heavyrulewidth=\dimen152
\lightrulewidth=\dimen153
\cmidrulewidth=\dimen154
\belowrulesep=\dimen155
\belowbottomsep=\dimen156
\aboverulesep=\dimen157
\abovetopsep=\dimen158
\cmidrulesep=\dimen159
\cmidrulekern=\dimen160
\defaultaddspace=\dimen161
\@cmidla=\count276
\@cmidlb=\count277
\@aboverulesep=\dimen162
\@belowrulesep=\dimen163
\@thisruleclass=\count278
\@lastruleclass=\count279
\@thisrulewidth=\dimen164
) (c:/texlive/2024/texmf-dist/tex/latex/makecell/makecell.sty
Package: makecell 2009/08/03 V0.1e Managing of Tab Column Heads and Cells
 (c:/texlive/2024/texmf-dist/tex/latex/tools/array.sty
Package: array 2023/10/16 v2.5g Tabular extension package (FMi)
\col@sep=\dimen165
\ar@mcellbox=\box54
\extrarowheight=\dimen166
\NC@list=\toks21
\extratabsurround=\skip51
\backup@length=\skip52
\ar@cellbox=\box55
)
\rotheadsize=\dimen167
\c@nlinenum=\count280
\TeXr@lab=\toks22
) (c:/texlive/2024/texmf-dist/tex/latex/amsfonts/amsfonts.sty
Package: amsfonts 2013/01/14 v3.01 Basic AMSFonts support
\@emptytoks=\toks23
\symAMSa=\mathgroup4
\symAMSb=\mathgroup5
LaTeX Font Info:    Redeclaring math symbol \hbar on input line 98.
LaTeX Font Info:    Overwriting math alphabet `\mathfrak' in version `bold'
(Font)                  U/euf/m/n --> U/euf/b/n on input line 106.
) (c:/texlive/2024/texmf-dist/tex/latex/hyperref/hyperref.sty
Package: hyperref 2024-01-20 v7.01h Hypertext links for LaTeX
 (c:/texlive/2024/texmf-dist/tex/latex/kvsetkeys/kvsetkeys.sty
Package: kvsetkeys 2022-10-05 v1.19 Key value parser (HO)
) (c:/texlive/2024/texmf-dist/tex/generic/kvdefinekeys/kvdefinekeys.sty
Package: kvdefinekeys 2019-12-19 v1.6 Define keys (HO)
) (c:/texlive/2024/texmf-dist/tex/generic/pdfescape/pdfescape.sty
Package: pdfescape 2019/12/09 v1.15 Implements pdfTeX's escape features (HO)
 (c:/texlive/2024/texmf-dist/tex/generic/ltxcmds/ltxcmds.sty
Package: ltxcmds 2023-12-04 v1.26 LaTeX kernel commands for general use (HO)
) (c:/texlive/2024/texmf-dist/tex/generic/pdftexcmds/pdftexcmds.sty
Package: pdftexcmds 2020-06-27 v0.33 Utility functions of pdfTeX for LuaTeX (HO)
 (c:/texlive/2024/texmf-dist/tex/generic/infwarerr/infwarerr.sty
Package: infwarerr 2019/12/03 v1.5 Providing info/warning/error messages (HO)
)
Package pdftexcmds Info: \pdf@primitive is available.
Package pdftexcmds Info: \pdf@ifprimitive is available.
Package pdftexcmds Info: \pdfdraftmode found.
)) (c:/texlive/2024/texmf-dist/tex/latex/hycolor/hycolor.sty
Package: hycolor 2020-01-27 v1.10 Color options for hyperref/bookmark (HO)
) (c:/texlive/2024/texmf-dist/tex/latex/auxhook/auxhook.sty
Package: auxhook 2019-12-17 v1.6 Hooks for auxiliary files (HO)
) (c:/texlive/2024/texmf-dist/tex/latex/hyperref/nameref.sty
Package: nameref 2023-11-26 v2.56 Cross-referencing by name of section
 (c:/texlive/2024/texmf-dist/tex/latex/refcount/refcount.sty
Package: refcount 2019/12/15 v3.6 Data extraction from label references (HO)
) (c:/texlive/2024/texmf-dist/tex/generic/gettitlestring/gettitlestring.sty
Package: gettitlestring 2019/12/15 v1.6 Cleanup title references (HO)
 (c:/texlive/2024/texmf-dist/tex/latex/kvoptions/kvoptions.sty
Package: kvoptions 2022-06-15 v3.15 Key value format for package options (HO)
))
\c@section@level=\count281
) (c:/texlive/2024/texmf-dist/tex/latex/etoolbox/etoolbox.sty
Package: etoolbox 2020/10/05 v2.5k e-TeX tools for LaTeX (JAW)
\etb@tempcnta=\count282
)
\@linkdim=\dimen168
\Hy@linkcounter=\count283
\Hy@pagecounter=\count284
 (c:/texlive/2024/texmf-dist/tex/latex/hyperref/pd1enc.def
File: pd1enc.def 2024-01-20 v7.01h Hyperref: PDFDocEncoding definition (HO)
Now handling font encoding PD1 ...
... no UTF-8 mapping file for font encoding PD1
) (c:/texlive/2024/texmf-dist/tex/generic/intcalc/intcalc.sty
Package: intcalc 2019/12/15 v1.3 Expandable calculations with integers (HO)
)
\Hy@SavedSpaceFactor=\count285
 (c:/texlive/2024/texmf-dist/tex/latex/hyperref/puenc.def
File: puenc.def 2024-01-20 v7.01h Hyperref: PDF Unicode definition (HO)
Now handling font encoding PU ...
... no UTF-8 mapping file for font encoding PU
)
Package hyperref Info: Option `unicode' set `true' on input line 4062.
Package hyperref Info: Hyper figures OFF on input line 4179.
Package hyperref Info: Link nesting OFF on input line 4184.
Package hyperref Info: Hyper index ON on input line 4187.
Package hyperref Info: Plain pages OFF on input line 4194.
Package hyperref Info: Backreferencing OFF on input line 4199.
Package hyperref Info: Implicit mode ON; LaTeX internals redefined.
Package hyperref Info: Bookmarks ON on input line 4446.
\c@Hy@tempcnt=\count286
 (c:/texlive/2024/texmf-dist/tex/latex/url/url.sty
\Urlmuskip=\muskip16
Package: url 2013/09/16  ver 3.4  Verb mode for urls, etc.
)
LaTeX Info: Redefining \url on input line 4784.
\XeTeXLinkMargin=\dimen169
 (c:/texlive/2024/texmf-dist/tex/generic/bitset/bitset.sty
Package: bitset 2019/12/09 v1.3 Handle bit-vector datatype (HO)
 (c:/texlive/2024/texmf-dist/tex/generic/bigintcalc/bigintcalc.sty
Package: bigintcalc 2019/12/15 v1.5 Expandable calculations on big integers (HO)
))
\Fld@menulength=\count287
\Field@Width=\dimen170
\Fld@charsize=\dimen171
Package hyperref Info: Hyper figures OFF on input line 6063.
Package hyperref Info: Link nesting OFF on input line 6068.
Package hyperref Info: Hyper index ON on input line 6071.
Package hyperref Info: backreferencing OFF on input line 6078.
Package hyperref Info: Link coloring OFF on input line 6083.
Package hyperref Info: Link coloring with OCG OFF on input line 6088.
Package hyperref Info: PDF/A mode OFF on input line 6093.
 (c:/texlive/2024/texmf-dist/tex/latex/base/atbegshi-ltx.sty
Package: atbegshi-ltx 2021/01/10 v1.0c Emulation of the original atbegshi
package with kernel methods
)
\Hy@abspage=\count288
\c@Item=\count289
\c@Hfootnote=\count290
)
Package hyperref Info: Driver (autodetected): hpdftex.
 (c:/texlive/2024/texmf-dist/tex/latex/hyperref/hpdftex.def
File: hpdftex.def 2024-01-20 v7.01h Hyperref driver for pdfTeX
 (c:/texlive/2024/texmf-dist/tex/latex/base/atveryend-ltx.sty
Package: atveryend-ltx 2020/08/19 v1.0a Emulation of the original atveryend package
with kernel methods
)
\Fld@listcount=\count291
\c@bookmark@seq@number=\count292
 (c:/texlive/2024/texmf-dist/tex/latex/rerunfilecheck/rerunfilecheck.sty
Package: rerunfilecheck 2022-07-10 v1.10 Rerun checks for auxiliary files (HO)
 (c:/texlive/2024/texmf-dist/tex/generic/uniquecounter/uniquecounter.sty
Package: uniquecounter 2019/12/15 v1.4 Provide unlimited unique counter (HO)
)
Package uniquecounter Info: New unique counter `rerunfilecheck' on input line 285.
)
\Hy@SectionHShift=\skip53
)
Package hyperref Info: Option `colorlinks' set `true' on input line 39.
Package hyperref Info: Option `breaklinks' set `true' on input line 39.
 (c:/texlive/2024/texmf-dist/tex/latex/amsmath/amsmath.sty
Package: amsmath 2023/05/13 v2.17o AMS math features
\@mathmargin=\skip54

For additional information on amsmath, use the `?' option.
(c:/texlive/2024/texmf-dist/tex/latex/amsmath/amstext.sty
Package: amstext 2021/08/26 v2.01 AMS text
 (c:/texlive/2024/texmf-dist/tex/latex/amsmath/amsgen.sty
File: amsgen.sty 1999/11/30 v2.0 generic functions
\@emptytoks=\toks24
\ex@=\dimen172
)) (c:/texlive/2024/texmf-dist/tex/latex/amsmath/amsbsy.sty
Package: amsbsy 1999/11/29 v1.2d Bold Symbols
\pmbraise@=\dimen173
) (c:/texlive/2024/texmf-dist/tex/latex/amsmath/amsopn.sty
Package: amsopn 2022/04/08 v2.04 operator names
)
\inf@bad=\count293
LaTeX Info: Redefining \frac on input line 234.
\uproot@=\count294
\leftroot@=\count295
LaTeX Info: Redefining \overline on input line 399.
LaTeX Info: Redefining \colon on input line 410.
\classnum@=\count296
\DOTSCASE@=\count297
LaTeX Info: Redefining \ldots on input line 496.
LaTeX Info: Redefining \dots on input line 499.
LaTeX Info: Redefining \cdots on input line 620.
\Mathstrutbox@=\box56
\strutbox@=\box57
LaTeX Info: Redefining \big on input line 722.
LaTeX Info: Redefining \Big on input line 723.
LaTeX Info: Redefining \bigg on input line 724.
LaTeX Info: Redefining \Bigg on input line 725.
\big@size=\dimen174
LaTeX Font Info:    Redeclaring font encoding OML on input line 743.
LaTeX Font Info:    Redeclaring font encoding OMS on input line 744.
\macc@depth=\count298
LaTeX Info: Redefining \bmod on input line 905.
LaTeX Info: Redefining \pmod on input line 910.
LaTeX Info: Redefining \smash on input line 940.
LaTeX Info: Redefining \relbar on input line 970.
LaTeX Info: Redefining \Relbar on input line 971.
\c@MaxMatrixCols=\count299
\dotsspace@=\muskip17
\c@parentequation=\count300
\dspbrk@lvl=\count301
\tag@help=\toks25
\row@=\count302
\column@=\count303
\maxfields@=\count304
\andhelp@=\toks26
\eqnshift@=\dimen175
\alignsep@=\dimen176
\tagshift@=\dimen177
\tagwidth@=\dimen178
\totwidth@=\dimen179
\lineht@=\dimen180
\@envbody=\toks27
\multlinegap=\skip55
\multlinetaggap=\skip56
\mathdisplay@stack=\toks28
LaTeX Info: Redefining \[ on input line 2953.
LaTeX Info: Redefining \] on input line 2954.
) (c:/texlive/2024/texmf-dist/tex/latex/multirow/multirow.sty
Package: multirow 2021/03/15 v2.8 Span multiple rows of a table
\multirow@colwidth=\skip57
\multirow@cntb=\count305
\multirow@dima=\skip58
\bigstrutjot=\dimen181
) (c:/texlive/2024/texmf-dist/tex/latex/graphics/graphicx.sty
Package: graphicx 2021/09/16 v1.2d Enhanced LaTeX Graphics (DPC,SPQR)
 (c:/texlive/2024/texmf-dist/tex/latex/graphics/graphics.sty
Package: graphics 2022/03/10 v1.4e Standard LaTeX Graphics (DPC,SPQR)
 (c:/texlive/2024/texmf-dist/tex/latex/graphics/trig.sty
Package: trig 2021/08/11 v1.11 sin cos tan (DPC)
) (c:/texlive/2024/texmf-dist/tex/latex/graphics-cfg/graphics.cfg
File: graphics.cfg 2016/06/04 v1.11 sample graphics configuration
)
Package graphics Info: Driver file: pdftex.def on input line 107.
)
\Gin@req@height=\dimen182
\Gin@req@width=\dimen183
) (c:/texlive/2024/texmf-dist/tex/latex/caption/subcaption.sty
Package: subcaption 2023/07/28 v1.6b Sub-captions (AR)
 (c:/texlive/2024/texmf-dist/tex/latex/caption/caption.sty
Package: caption 2023/08/05 v3.6o Customizing captions (AR)
 (c:/texlive/2024/texmf-dist/tex/latex/caption/caption3.sty
Package: caption3 2023/07/31 v2.4d caption3 kernel (AR)
\caption@tempdima=\dimen184
\captionmargin=\dimen185
\caption@leftmargin=\dimen186
\caption@rightmargin=\dimen187
\caption@width=\dimen188
\caption@indent=\dimen189
\caption@parindent=\dimen190
\caption@hangindent=\dimen191
Package caption Info: Standard document class detected.
)
\c@caption@flags=\count306
\c@continuedfloat=\count307
Package caption Info: hyperref package is loaded.
)
Package caption Info: New subtype `subfigure' on input line 238.
\c@subfigure=\count308
Package caption Info: New subtype `subtable' on input line 238.
\c@subtable=\count309
) (c:/texlive/2024/texmf-dist/tex/latex/float/float.sty
Package: float 2001/11/08 v1.3d Float enhancements (AL)
\c@float@type=\count310
\float@exts=\toks29
\float@box=\box58
\@float@everytoks=\toks30
\@floatcapt=\box59
) (c:/texlive/2024/texmf-dist/tex/latex/animate/animate.sty
Package: animate 2023/06/18 PDF & SVG animations from files and inline graphics
 (c:/texlive/2024/texmf-dist/tex/latex/base/ifthen.sty
Package: ifthen 2022/04/13 v1.1d Standard LaTeX ifthen package (DPC)
) (c:/texlive/2024/texmf-dist/tex/latex/oberdiek/ifdraft.sty
Package: ifdraft 2016/05/16 v1.4 Detect class options draft and final (HO)
) (c:/texlive/2024/texmf-dist/tex/latex/tools/calc.sty
Package: calc 2023/07/08 v4.3 Infix arithmetic (KKT,FJ)
\calc@Acount=\count311
\calc@Bcount=\count312
\calc@Adimen=\dimen192
\calc@Bdimen=\dimen193
\calc@Askip=\skip59
\calc@Bskip=\skip60
LaTeX Info: Redefining \setlength on input line 80.
LaTeX Info: Redefining \addtolength on input line 81.
\calc@Ccount=\count313
\calc@Cskip=\skip61
) (c:/texlive/2024/texmf-dist/tex/latex/media9/pdfbase.sty
Package: pdfbase 2022/08/04 v0.55 driver independent access to low-level PDF features
\g_pbs_page_int=\count314
\g_pbs_oc_int=\count315
) (c:/texlive/2024/texmf-dist/tex/latex/zref/zref-abspage.sty
Package: zref-abspage 2023-09-14 v2.35 Module abspage for zref (HO)
 (c:/texlive/2024/texmf-dist/tex/latex/zref/zref-base.sty
Package: zref-base 2023-09-14 v2.35 Module base for zref (HO)
 (c:/texlive/2024/texmf-dist/tex/generic/etexcmds/etexcmds.sty
Package: etexcmds 2019/12/15 v1.7 Avoid name clashes with e-TeX commands (HO)
)
Package zref Info: New property list: main on input line 767.
Package zref Info: New property: default on input line 768.
Package zref Info: New property: page on input line 769.
)
\c@abspage=\count316
Package zref Info: New property: abspage on input line 67.
) (c:/texlive/2024/texmf-dist/tex/latex/ocgx2/ocgbase.sty
Package: ocgbase 2022/08/04 v0.22 support package for ocgx2.sty
\g_ocgbase_nd_int=\count317
)
\@anim@box=\box60
\@anim@measbox=\box61
\@anim@tmpdima=\dimen194
\@anim@tmpdimb=\dimen195
\@anim@num=\count318
\@anim@curframe=\count319
\@anim@curframe@zb=\count320
\@anim@resizeflags=\count321
\@anim@skipfram=\count322
\@anim@mulframecnt=\count323
\@anim@@tmlnfile=\read2
\@anim@tmpcnt=\count324
\c@@anim@ltxcnt=\count325
\@anim@curlayer=\count326
\@anim@lineno=\count327
\@anim@curfield=\count328
\@anim@@resizeflags=\count329
) (c:/texlive/2024/texmf-dist/tex/latex/listings/listings.sty
\lst@mode=\count330
\lst@gtempboxa=\box62
\lst@token=\toks31
\lst@length=\count331
\lst@currlwidth=\dimen196
\lst@column=\count332
\lst@pos=\count333
\lst@lostspace=\dimen197
\lst@width=\dimen198
\lst@newlines=\count334
\lst@lineno=\count335
\lst@maxwidth=\dimen199
 (c:/texlive/2024/texmf-dist/tex/latex/listings/lstpatch.sty
File: lstpatch.sty 2024/02/21 1.10 (Carsten Heinz)
) (c:/texlive/2024/texmf-dist/tex/latex/listings/lstmisc.sty
File: lstmisc.sty 2024/02/21 1.10 (Carsten Heinz)
\c@lstnumber=\count336
\lst@skipnumbers=\count337
\lst@framebox=\box63
) (c:/texlive/2024/texmf-dist/tex/latex/listings/listings.cfg
File: listings.cfg 2024/02/21 1.10 listings configuration
))
Package: listings 2024/02/21 1.10 (Carsten Heinz)
 (./gbt7714.sty
Package: gbt7714 2019/01/02 v1.1 GB/T 7714-2015 BibTeX Style
 (c:/texlive/2024/texmf-dist/tex/latex/natbib/natbib.sty
Package: natbib 2010/09/13 8.31b (PWD, AO)
\bibhang=\skip62
\bibsep=\skip63
LaTeX Info: Redefining \cite on input line 694.
\c@NAT@ctr=\count338
)) (c:/texlive/2024/texmf-dist/tex/latex/tools/longtable.sty
Package: longtable 2023-11-01 v4.19 Multi-page Table package (DPC)
\LTleft=\skip64
\LTright=\skip65
\LTpre=\skip66
\LTpost=\skip67
\LTchunksize=\count339
\LTcapwidth=\dimen256
\LT@head=\box64
\LT@firsthead=\box65
\LT@foot=\box66
\LT@lastfoot=\box67
\LT@gbox=\box68
\LT@cols=\count340
\LT@rows=\count341
\c@LT@tables=\count342
\c@LT@chunks=\count343
\LT@p@ftn=\toks32
) (c:/texlive/2024/texmf-dist/tex/latex/tocloft/tocloft.sty
Package: tocloft 2017/08/31 v2.3i parameterised ToC, etc., typesetting
Package tocloft Info: The document has section divisions on input line 51.
\cftparskip=\skip68
\cftbeforetoctitleskip=\skip69
\cftaftertoctitleskip=\skip70
\cftbeforepartskip=\skip71
\cftpartnumwidth=\skip72
\cftpartindent=\skip73
\cftbeforesecskip=\skip74
\cftsecindent=\skip75
\cftsecnumwidth=\skip76
\cftbeforesubsecskip=\skip77
\cftsubsecindent=\skip78
\cftsubsecnumwidth=\skip79
\cftbeforesubsubsecskip=\skip80
\cftsubsubsecindent=\skip81
\cftsubsubsecnumwidth=\skip82
\cftbeforeparaskip=\skip83
\cftparaindent=\skip84
\cftparanumwidth=\skip85
\cftbeforesubparaskip=\skip86
\cftsubparaindent=\skip87
\cftsubparanumwidth=\skip88
\cftbeforeloftitleskip=\skip89
\cftafterloftitleskip=\skip90
\cftbeforefigskip=\skip91
\cftfigindent=\skip92
\cftfignumwidth=\skip93
\c@lofdepth=\count344
\c@lotdepth=\count345
\cftbeforelottitleskip=\skip94
\cftafterlottitleskip=\skip95
\cftbeforetabskip=\skip96
\cfttabindent=\skip97
\cfttabnumwidth=\skip98
) (c:/texlive/2024/texmf-dist/tex/latex/cjk/texinput/UTF8/UTF8.enc
File: UTF8.enc 2021/10/16 4.8.5
) (c:/texlive/2024/texmf-dist/tex/latex/cjk/texinput/UTF8/UTF8.chr
File: UTF8.chr 2021/10/16 4.8.5
)
No file CUMCMthesisSCUT.aux.
\openout1 = `CUMCMthesisSCUT.aux'.

LaTeX Font Info:    Checking defaults for OML/cmm/m/it on input line 80.
LaTeX Font Info:    ... okay on input line 80.
LaTeX Font Info:    Checking defaults for OMS/cmsy/m/n on input line 80.
LaTeX Font Info:    ... okay on input line 80.
LaTeX Font Info:    Checking defaults for OT1/cmr/m/n on input line 80.
LaTeX Font Info:    ... okay on input line 80.
LaTeX Font Info:    Checking defaults for T1/cmr/m/n on input line 80.
LaTeX Font Info:    ... okay on input line 80.
LaTeX Font Info:    Checking defaults for TS1/cmr/m/n on input line 80.
LaTeX Font Info:    ... okay on input line 80.
LaTeX Font Info:    Checking defaults for OMX/cmex/m/n on input line 80.
LaTeX Font Info:    ... okay on input line 80.
LaTeX Font Info:    Checking defaults for U/cmr/m/n on input line 80.
LaTeX Font Info:    ... okay on input line 80.
LaTeX Font Info:    Checking defaults for C00/song/m/n on input line 80.
LaTeX Font Info:    ... okay on input line 80.
LaTeX Font Info:    Checking defaults for C05/song/m/n on input line 80.
LaTeX Font Info:    ... okay on input line 80.
LaTeX Font Info:    Checking defaults for C09/song/m/n on input line 80.
LaTeX Font Info:    ... okay on input line 80.
LaTeX Font Info:    Checking defaults for C10/song/m/n on input line 80.
LaTeX Font Info:    ... okay on input line 80.
LaTeX Font Info:    Checking defaults for C20/song/m/n on input line 80.
LaTeX Font Info:    ... okay on input line 80.
LaTeX Font Info:    Checking defaults for C19/song/m/n on input line 80.
LaTeX Font Info:    ... okay on input line 80.
LaTeX Font Info:    Checking defaults for C40/song/m/n on input line 80.
LaTeX Font Info:    ... okay on input line 80.
LaTeX Font Info:    Checking defaults for C42/song/m/n on input line 80.
LaTeX Font Info:    ... okay on input line 80.
LaTeX Font Info:    Checking defaults for C43/song/m/n on input line 80.
LaTeX Font Info:    ... okay on input line 80.
LaTeX Font Info:    Checking defaults for C50/song/m/n on input line 80.
LaTeX Font Info:    ... okay on input line 80.
LaTeX Font Info:    Checking defaults for C52/song/m/n on input line 80.
LaTeX Font Info:    ... okay on input line 80.
LaTeX Font Info:    Checking defaults for C49/song/m/n on input line 80.
LaTeX Font Info:    ... okay on input line 80.
LaTeX Font Info:    Checking defaults for C60/mj/m/n on input line 80.
LaTeX Font Info:    ... okay on input line 80.
LaTeX Font Info:    Checking defaults for C61/mj/m/n on input line 80.
LaTeX Font Info:    ... okay on input line 80.
LaTeX Font Info:    Checking defaults for C63/mj/m/n on input line 80.
LaTeX Font Info:    ... okay on input line 80.
LaTeX Font Info:    Checking defaults for C64/mj/m/n on input line 80.
LaTeX Font Info:    ... okay on input line 80.
LaTeX Font Info:    Checking defaults for C65/mj/m/n on input line 80.
LaTeX Font Info:    ... okay on input line 80.
LaTeX Font Info:    Checking defaults for C70/song/m/n on input line 80.
LaTeX Font Info:    ... okay on input line 80.
LaTeX Font Info:    Checking defaults for C31/song/m/n on input line 80.
LaTeX Font Info:    ... okay on input line 80.
LaTeX Font Info:    Checking defaults for C32/song/m/n on input line 80.
LaTeX Font Info:    ... okay on input line 80.
LaTeX Font Info:    Checking defaults for C33/song/m/n on input line 80.
LaTeX Font Info:    ... okay on input line 80.
LaTeX Font Info:    Checking defaults for C34/song/m/n on input line 80.
LaTeX Font Info:    ... okay on input line 80.
LaTeX Font Info:    Checking defaults for C35/song/m/n on input line 80.
LaTeX Font Info:    ... okay on input line 80.
LaTeX Font Info:    Checking defaults for C36/song/m/n on input line 80.
LaTeX Font Info:    ... okay on input line 80.
LaTeX Font Info:    Checking defaults for C37/song/m/n on input line 80.
LaTeX Font Info:    ... okay on input line 80.
LaTeX Font Info:    Checking defaults for C80/song/m/n on input line 80.
LaTeX Font Info:    ... okay on input line 80.
LaTeX Font Info:    Checking defaults for C81/song/m/n on input line 80.
LaTeX Font Info:    ... okay on input line 80.
LaTeX Font Info:    Checking defaults for C01/song/m/n on input line 80.
LaTeX Font Info:    ... okay on input line 80.
LaTeX Font Info:    Checking defaults for C11/song/m/n on input line 80.
LaTeX Font Info:    ... okay on input line 80.
LaTeX Font Info:    Checking defaults for C21/song/m/n on input line 80.
LaTeX Font Info:    ... okay on input line 80.
LaTeX Font Info:    Checking defaults for C41/song/m/n on input line 80.
LaTeX Font Info:    ... okay on input line 80.
LaTeX Font Info:    Checking defaults for C62/song/m/n on input line 80.
LaTeX Font Info:    ... okay on input line 80.
LaTeX Font Info:    Checking defaults for PD1/pdf/m/n on input line 80.
LaTeX Font Info:    ... okay on input line 80.
LaTeX Font Info:    Checking defaults for PU/pdf/m/n on input line 80.
LaTeX Font Info:    ... okay on input line 80.
*geometry* driver: auto-detecting
*geometry* detected driver: pdftex
*geometry* verbose mode - [ preamble ] result:
* driver: pdftex
* paper: a4paper
* layout: <same size as paper>
* layoutoffset:(h,v)=(0.0pt,0.0pt)
* modes: 
* h-part:(L,W,R)=(71.13188pt, 455.24411pt, 71.13188pt)
* v-part:(T,H,B)=(71.13188pt, 702.78308pt, 71.13188pt)
* \paperwidth=597.50787pt
* \paperheight=845.04684pt
* \textwidth=455.24411pt
* \textheight=702.78308pt
* \oddsidemargin=-1.1381pt
* \evensidemargin=-1.1381pt
* \topmargin=-38.1381pt
* \headheight=12.0pt
* \headsep=25.0pt
* \topskip=12.0pt
* \footskip=30.0pt
* \marginparwidth=44.0pt
* \marginparsep=10.0pt
* \columnsep=10.0pt
* \skip\footins=10.8pt plus 4.0pt minus 2.0pt
* \hoffset=0.0pt
* \voffset=0.0pt
* \mag=1000
* \@twocolumnfalse
* \@twosidefalse
* \@mparswitchfalse
* \@reversemarginfalse
* (1in=72.27pt=25.4mm, 1cm=28.453pt)

(c:/texlive/2024/texmf-dist/tex/context/base/mkii/supp-pdf.mkii
[Loading MPS to PDF converter (version 2006.09.02).]
\scratchcounter=\count346
\scratchdimen=\dimen257
\scratchbox=\box69
\nofMPsegments=\count347
\nofMParguments=\count348
\everyMPshowfont=\toks33
\MPscratchCnt=\count349
\MPscratchDim=\dimen258
\MPnumerator=\count350
\makeMPintoPDFobject=\count351
\everyMPtoPDFconversion=\toks34
) (c:/texlive/2024/texmf-dist/tex/latex/epstopdf-pkg/epstopdf-base.sty
Package: epstopdf-base 2020-01-24 v2.11 Base part for package epstopdf
Package epstopdf-base Info: Redefining graphics rule for `.eps' on input line 485.
 (c:/texlive/2024/texmf-dist/tex/latex/latexconfig/epstopdf-sys.cfg
File: epstopdf-sys.cfg 2010/07/13 v1.3 Configuration of (r)epstopdf for TeX Live
))
Package hyperref Info: Link coloring ON on input line 80.
\@outlinefile=\write3
\openout3 = `CUMCMthesisSCUT.out'.

Package caption Info: Begin \AtBeginDocument code.
Package caption Info: float package is loaded.
Package caption Info: listings package is loaded.
Package caption Info: longtable package is loaded.
 (c:/texlive/2024/texmf-dist/tex/latex/caption/ltcaption.sty
Package: ltcaption 2021/01/08 v1.4c longtable captions (AR)
)
Package caption Info: End \AtBeginDocument code.
\c@lstlisting=\count352
LaTeX Font Info:    Trying to load font information for C70+zhhei on input line 87.
 (c:/texlive/2024/texmf-dist/tex/latex/zhmetrics/c70zhhei.fd
File: c70zhhei.fd 2009/09/23 4.8.2
)
LaTeX Font Info:    Trying to load font information for C70+rm on input line 94.
 (c:/texlive/2024/texmf-dist/tex/latex/ctex/fd/c70rm.fd
File: c70rm.fd 2022/07/14 v2.5.10 Chinese font definition (CTEX)
)
Package CJKpunct Info: use punctuation spaces for family 'rm' with punctstyle (quanjiao) on input line 94.

Overfull \hbox (18.77904pt too wide) in paragraph at lines 96--97
[]\C70/rm/m/n/12/57 ú \C70/rm/m/n/12/4e \OT1/cmr/m/n/12 XXX\C70/rm/m/n/12/95 î \C70/rm/m/n/12/98 ˜ \C70/rm/m/n/12/80 Ì \C70/rm/m/n/12/66 o|\C70/rm/m/n/12/ff ^^L| \C70/rm/m/n/12/67 , \C70/rm/m/n/12/65 ‡ \C70/rm/m/n/12/5e ú \C70/rm/m/n/12/7a Ë\OT1/cmr/m/n/12 XXX\C70/rm/m/n/12/54 Œ\OT1/cmr/m/n/12 XXX\C70/rm/m/n/12/6a ! \C70/rm/m/n/12/57 ‹|\C70/rm/m/n/12/ff ^^L| \C70/rm/m/n/12/78 ^^T \C70/rm/m/n/12/7a v\OT1/cmr/m/n/12 XXX\C70/rm/m/n/12/76 „ \C70/rm/m/n/12/67 : \C70/rm/m/n/12/74 ^^F\OT1/cmr/m/n/12 /\C70/rm/m/n/12/8b ¨ º\OT1/cmr/m/n/12 XXX\C70/rm/m/n/12/5b ù\OT1/cmr/m/n/12 XXX\C70/rm/m/n/12/76 „
 []


Overfull \hbox (31.36804pt too wide) in paragraph at lines 96--97
\C70/rm/m/n/12/5f q \C70/rm/m/n/12/54 Í \C70/rm/m/n/12/51 s \C70/rm/m/n/12/7c û\OT1/cmr/m/n/12 /\C70/rm/m/n/12/63 ¢ \C70/rm/m/n/12/7d "\OT1/cmr/m/n/12 XXX|\C70/rm/m/n/12/ff ^^L| \C70/rm/m/n/12/91 Ç \C70/rm/m/n/12/75 (\OT1/cmr/m/n/12 XXX\C70/rm/m/n/12/65 ¹ \C70/rm/m/n/12/6c Õ\OT1/cmr/m/n/12 (\C70/rm/m/n/12/74 ^^F \C70/rm/m/n/12/8b º \C70/rm/m/n/12/54 Œ \C70/rm/m/n/12/65 p \C70/rm/m/n/12/50 <\OT1/cmr/m/n/12 )\C70/rm/m/n/12/6c B \C70/rm/m/n/12/89 ã\OT1/cmr/m/n/12 XXX\C70/rm/m/n/12/6a ! \C70/rm/m/n/12/57 ‹|\C70/rm/m/n/12/ff ^^L| \C70/rm/m/n/12/63 Ğ \C70/rm/m/n/12/51 ú\OT1/cmr/m/n/12 XXX\C70/rm/m/n/12/63 ^^G \C70/rm/m/n/12/68 ^^G\OT1/cmr/m/n/12 /\C70/rm/m/n/12/52 6 \C70/rm/m/n/12/5b š\OT1/cmr/m/n/12 XXX\C70/rm/m/n/12/7b V
 []

Package CJKpunct Info: use punctuation spaces for family 'zhhei' with punctstyle (quanjiao) on input line 111.
(c:/texlive/2024/texmf-dist/tex/generic/ctex/zhmap/ctex-zhmap-windows.tex
File: ctex-zhmap-windows.tex 2022/07/14 v2.5.10 Windows font map loader for pdfTeX and DVIPDFMx (CTEX)
{c:/texlive/2024/texmf-var/fonts/map/pdftex/updmap/pdftex.map}{UGBK.sfd}{Unicode.sfd}) [1

]
No file CUMCMthesisSCUT.toc.
\tf@toc=\write4
\openout4 = `CUMCMthesisSCUT.toc'.

[0]
LaTeX Font Info:    Trying to load font information for U+msa on input line 132.
 (c:/texlive/2024/texmf-dist/tex/latex/amsfonts/umsa.fd
File: umsa.fd 2013/01/14 v3.01 AMS symbols A
)
LaTeX Font Info:    Trying to load font information for U+msb on input line 132.
 (c:/texlive/2024/texmf-dist/tex/latex/amsfonts/umsb.fd
File: umsb.fd 2013/01/14 v3.01 AMS symbols B
)

Package natbib Warning: Citation `Sample' on page 1 undefined on input line 132.


pdfTeX warning (ext4): destination with the same identifier (name{page.1}) has been already used, duplicate ignored
<to be read again> 
                   \relax 
l.157 \item é
             ¢˜ç›®æ˜ç¡®ç»™å‡ºçš„å‡è®¾æ¡ä»¶ [1] [2{c:/texlive/2024/texmf-dist/fonts/enc/dvips/cm-super/cm-super-ts1.enc}] [3] [4
pdfTeX warning (ext4): destination with the same identifier (name{equation.5.2}) has been already used, duplicate ignored
<argument> ...shipout:D \box_use:N \l_shipout_box 
                                                  \__shipout_drop_firstpage_...
l.308 \item[ç¬¬1æ­¥:]
                      æ•°æ®é¢„å¤„ç†/å‚æ•°è®¾å®š] [5] [6] [7]
No file CUMCMthesisSCUT.bbl.
[8] (c:/texlive/2024/texmf-dist/tex/latex/listings/lstlang1.sty
File: lstlang1.sty 2024/02/21 1.10 listings language file
)
Package hyperref Info: bookmark level for unknown lstlisting defaults to 0 on input line 531.
 (./code/sample.m
./code/sample.m:1: Improper alphabetic constant.
<to be read again> 
                   \lst@EC» 
l.1 ...tlabçš„å³ä¾§çº¿ï¼Œä¸€èˆ¬æ˜¯80å­—ç¬¦ä»¥å†…%
                                                  %%%%%%%%%%%%%%%%%%%%%%%%%%%%
A one-character control sequence belongs after a ` mark.
So I'm essentially inserting \0 here.

./code/sample.m:1: Improper alphabetic constant.
<to be read again> 
                   \lst@EC£ 
l.1 ...tlabçš„å³ä¾§çº¿ï¼Œä¸€èˆ¬æ˜¯80å­—ç¬¦ä»¥å†…%
                                                  %%%%%%%%%%%%%%%%%%%%%%%%%%%%
A one-character control sequence belongs after a ` mark.
So I'm essentially inserting \0 here.

./code/sample.m:1: Missing = inserted for \ifnum.
<to be read again> 
                   »
l.1 ...tlabçš„å³ä¾§çº¿ï¼Œä¸€èˆ¬æ˜¯80å­—ç¬¦ä»¥å†…%
                                                  %%%%%%%%%%%%%%%%%%%%%%%%%%%%
I was expecting to see `<', `=', or `>'. Didn't.

./code/sample.m:1: Missing number, treated as zero.
<to be read again> 
                   »
l.1 ...tlabçš„å³ä¾§çº¿ï¼Œä¸€èˆ¬æ˜¯80å­—ç¬¦ä»¥å†…%
                                                  %%%%%%%%%%%%%%%%%%%%%%%%%%%%
A number should have been here; I inserted `0'.
(If you can't figure out why I needed to see a number,
look up `weird error' in the index to The TeXbook.)

./code/sample.m:1: Missing = inserted for \ifnum.
<to be read again> 
                   »
l.1 ...tlabçš„å³ä¾§çº¿ï¼Œä¸€èˆ¬æ˜¯80å­—ç¬¦ä»¥å†…%
                                                  %%%%%%%%%%%%%%%%%%%%%%%%%%%%
I was expecting to see `<', `=', or `>'. Didn't.

./code/sample.m:1: Missing number, treated as zero.
<to be read again> 
                   »
l.1 ...tlabçš„å³ä¾§çº¿ï¼Œä¸€èˆ¬æ˜¯80å­—ç¬¦ä»¥å†…%
                                                  %%%%%%%%%%%%%%%%%%%%%%%%%%%%
A number should have been here; I inserted `0'.
(If you can't figure out why I needed to see a number,
look up `weird error' in the index to The TeXbook.)

./code/sample.m:1: Missing = inserted for \ifnum.
<to be read again> 
                   £
l.1 ...tlabçš„å³ä¾§çº¿ï¼Œä¸€èˆ¬æ˜¯80å­—ç¬¦ä»¥å†…%
                                                  %%%%%%%%%%%%%%%%%%%%%%%%%%%%
I was expecting to see `<', `=', or `>'. Didn't.

./code/sample.m:1: Missing number, treated as zero.
<to be read again> 
                   £
l.1 ...tlabçš„å³ä¾§çº¿ï¼Œä¸€èˆ¬æ˜¯80å­—ç¬¦ä»¥å†…%
                                                  %%%%%%%%%%%%%%%%%%%%%%%%%%%%
A number should have been here; I inserted `0'.
(If you can't figure out why I needed to see a number,
look up `weird error' in the index to The TeXbook.)

./code/sample.m:1: Missing = inserted for \ifnum.
<to be read again> 
                   £
l.1 ...tlabçš„å³ä¾§çº¿ï¼Œä¸€èˆ¬æ˜¯80å­—ç¬¦ä»¥å†…%
                                                  %%%%%%%%%%%%%%%%%%%%%%%%%%%%
I was expecting to see `<', `=', or `>'. Didn't.

./code/sample.m:1: Missing number, treated as zero.
<to be read again> 
                   £
l.1 ...tlabçš„å³ä¾§çº¿ï¼Œä¸€èˆ¬æ˜¯80å­—ç¬¦ä»¥å†…%
                                                  %%%%%%%%%%%%%%%%%%%%%%%%%%%%
A number should have been here; I inserted `0'.
(If you can't figure out why I needed to see a number,
look up `weird error' in the index to The TeXbook.)

Missing character: There is no » in font cmtt10!
Missing character: There is no » in font cmtt10!
Missing character: There is no £ in font cmtt10!
LaTeX Font Info:    Trying to load font information for C70+zhfs on input line 1.
(c:/texlive/2024/texmf-dist/tex/latex/zhmetrics/c70zhfs.fd
File: c70zhfs.fd 2009/09/23 4.8.2
)
./code/sample.m:1: Bad character code (-80).
<argument> \@tempcnta 
                      
l.1 ...tlabçš„å³ä¾§çº¿ï¼Œä¸€èˆ¬æ˜¯80å­—ç¬¦ä»¥å†…%
                                                  %%%%%%%%%%%%%%%%%%%%%%%%%%%%
A character number must be between 0 and 255.
I changed this one to zero.

./code/sample.m:1: Improper alphabetic constant.
<to be read again> 
                   \lst@EC  
l.1 ...tlabçš„å³ä¾§çº¿ï¼Œä¸€èˆ¬æ˜¯80å­—ç¬¦ä»¥å†…%
                                                  %%%%%%%%%%%%%%%%%%%%%%%%%%%%
A one-character control sequence belongs after a ` mark.
So I'm essentially inserting \0 here.

./code/sample.m:1: Improper alphabetic constant.
<to be read again> 
                   \lst@EC 
l.1 ...tlabçš„å³ä¾§çº¿ï¼Œä¸€èˆ¬æ˜¯80å­—ç¬¦ä»¥å†…%
                                                  %%%%%%%%%%%%%%%%%%%%%%%%%%%%
A one-character control sequence belongs after a ` mark.
So I'm essentially inserting \0 here.

./code/sample.m:1: Missing = inserted for \ifnum.
<to be read again> 
                    
l.1 ...tlabçš„å³ä¾§çº¿ï¼Œä¸€èˆ¬æ˜¯80å­—ç¬¦ä»¥å†…%
                                                  %%%%%%%%%%%%%%%%%%%%%%%%%%%%
I was expecting to see `<', `=', or `>'. Didn't.

./code/sample.m:1: Missing number, treated as zero.
<to be read again> 
                    
l.1 ...tlabçš„å³ä¾§çº¿ï¼Œä¸€èˆ¬æ˜¯80å­—ç¬¦ä»¥å†…%
                                                  %%%%%%%%%%%%%%%%%%%%%%%%%%%%
A number should have been here; I inserted `0'.
(If you can't figure out why I needed to see a number,
look up `weird error' in the index to The TeXbook.)

./code/sample.m:1: Missing = inserted for \ifnum.
<to be read again> 
                    
l.1 ...tlabçš„å³ä¾§çº¿ï¼Œä¸€èˆ¬æ˜¯80å­—ç¬¦ä»¥å†…%
                                                  %%%%%%%%%%%%%%%%%%%%%%%%%%%%
I was expecting to see `<', `=', or `>'. Didn't.

./code/sample.m:1: Missing number, treated as zero.
<to be read again> 
                    
l.1 ...tlabçš„å³ä¾§çº¿ï¼Œä¸€èˆ¬æ˜¯80å­—ç¬¦ä»¥å†…%
                                                  %%%%%%%%%%%%%%%%%%%%%%%%%%%%
A number should have been here; I inserted `0'.
(If you can't figure out why I needed to see a number,
look up `weird error' in the index to The TeXbook.)

./code/sample.m:1: Missing = inserted for \ifnum.
<to be read again> 
                   
l.1 ...tlabçš„å³ä¾§çº¿ï¼Œä¸€èˆ¬æ˜¯80å­—ç¬¦ä»¥å†…%
                                                  %%%%%%%%%%%%%%%%%%%%%%%%%%%%
I was expecting to see `<', `=', or `>'. Didn't.

./code/sample.m:1: Missing number, treated as zero.
<to be read again> 
                   
l.1 ...tlabçš„å³ä¾§çº¿ï¼Œä¸€èˆ¬æ˜¯80å­—ç¬¦ä»¥å†…%
                                                  %%%%%%%%%%%%%%%%%%%%%%%%%%%%
A number should have been here; I inserted `0'.
(If you can't figure out why I needed to see a number,
look up `weird error' in the index to The TeXbook.)

./code/sample.m:1: Missing = inserted for \ifnum.
<to be read again> 
                   
l.1 ...tlabçš„å³ä¾§çº¿ï¼Œä¸€èˆ¬æ˜¯80å­—ç¬¦ä»¥å†…%
                                                  %%%%%%%%%%%%%%%%%%%%%%%%%%%%
I was expecting to see `<', `=', or `>'. Didn't.

./code/sample.m:1: Missing number, treated as zero.
<to be read again> 
                   
l.1 ...tlabçš„å³ä¾§çº¿ï¼Œä¸€èˆ¬æ˜¯80å­—ç¬¦ä»¥å†…%
                                                  %%%%%%%%%%%%%%%%%%%%%%%%%%%%
A number should have been here; I inserted `0'.
(If you can't figure out why I needed to see a number,
look up `weird error' in the index to The TeXbook.)

Missing character: There is no   in font cmtt10!
Missing character: There is no   in font cmtt10!
Missing character: There is no  in font cmtt10!
./code/sample.m:1: Bad character code (-80).
<argument> \@tempcnta 
                      
l.1 ...tlabçš„å³ä¾§çº¿ï¼Œä¸€èˆ¬æ˜¯80å­—ç¬¦ä»¥å†…%
                                                  %%%%%%%%%%%%%%%%%%%%%%%%%%%%
A character number must be between 0 and 255.
I changed this one to zero.

./code/sample.m:1: Improper alphabetic constant.
<to be read again> 
                   \lst@EC¸ 
l.1 ...tlabçš„å³ä¾§çº¿ï¼Œä¸€èˆ¬æ˜¯80å­—ç¬¦ä»¥å†…%
                                                  %%%%%%%%%%%%%%%%%%%%%%%%%%%%
A one-character control sequence belongs after a ` mark.
So I'm essentially inserting \0 here.

./code/sample.m:1: Improper alphabetic constant.
<to be read again> 
                   \lst@EC 
l.1 ...tlabçš„å³ä¾§çº¿ï¼Œä¸€èˆ¬æ˜¯80å­—ç¬¦ä»¥å†…%
                                                  %%%%%%%%%%%%%%%%%%%%%%%%%%%%
A one-character control sequence belongs after a ` mark.
So I'm essentially inserting \0 here.

./code/sample.m:1: Missing = inserted for \ifnum.
<to be read again> 
                   ¸
l.1 ...tlabçš„å³ä¾§çº¿ï¼Œä¸€èˆ¬æ˜¯80å­—ç¬¦ä»¥å†…%
                                                  %%%%%%%%%%%%%%%%%%%%%%%%%%%%
I was expecting to see `<', `=', or `>'. Didn't.

./code/sample.m:1: Missing number, treated as zero.
<to be read again> 
                   ¸
l.1 ...tlabçš„å³ä¾§çº¿ï¼Œä¸€èˆ¬æ˜¯80å­—ç¬¦ä»¥å†…%
                                                  %%%%%%%%%%%%%%%%%%%%%%%%%%%%
A number should have been here; I inserted `0'.
(If you can't figure out why I needed to see a number,
look up `weird error' in the index to The TeXbook.)

./code/sample.m:1: Missing = inserted for \ifnum.
<to be read again> 
                   ¸
l.1 ...tlabçš„å³ä¾§çº¿ï¼Œä¸€èˆ¬æ˜¯80å­—ç¬¦ä»¥å†…%
                                                  %%%%%%%%%%%%%%%%%%%%%%%%%%%%
I was expecting to see `<', `=', or `>'. Didn't.

./code/sample.m:1: Missing number, treated as zero.
<to be read again> 
                   ¸
l.1 ...tlabçš„å³ä¾§çº¿ï¼Œä¸€èˆ¬æ˜¯80å­—ç¬¦ä»¥å†…%
                                                  %%%%%%%%%%%%%%%%%%%%%%%%%%%%
A number should have been here; I inserted `0'.
(If you can't figure out why I needed to see a number,
look up `weird error' in the index to The TeXbook.)

./code/sample.m:1: Missing = inserted for \ifnum.
<to be read again> 
                   
l.1 ...tlabçš„å³ä¾§çº¿ï¼Œä¸€èˆ¬æ˜¯80å­—ç¬¦ä»¥å†…%
                                                  %%%%%%%%%%%%%%%%%%%%%%%%%%%%
I was expecting to see `<', `=', or `>'. Didn't.

./code/sample.m:1: Missing number, treated as zero.
<to be read again> 
                   
l.1 ...tlabçš„å³ä¾§çº¿ï¼Œä¸€èˆ¬æ˜¯80å­—ç¬¦ä»¥å†…%
                                                  %%%%%%%%%%%%%%%%%%%%%%%%%%%%
A number should have been here; I inserted `0'.
(If you can't figure out why I needed to see a number,
look up `weird error' in the index to The TeXbook.)

./code/sample.m:1: Missing = inserted for \ifnum.
<to be read again> 
                   
l.1 ...tlabçš„å³ä¾§çº¿ï¼Œä¸€èˆ¬æ˜¯80å­—ç¬¦ä»¥å†…%
                                                  %%%%%%%%%%%%%%%%%%%%%%%%%%%%
I was expecting to see `<', `=', or `>'. Didn't.

./code/sample.m:1: Missing number, treated as zero.
<to be read again> 
                   
l.1 ...tlabçš„å³ä¾§çº¿ï¼Œä¸€èˆ¬æ˜¯80å­—ç¬¦ä»¥å†…%
                                                  %%%%%%%%%%%%%%%%%%%%%%%%%%%%
A number should have been here; I inserted `0'.
(If you can't figure out why I needed to see a number,
look up `weird error' in the index to The TeXbook.)

Missing character: There is no ¸ in font cmtt10!
Missing character: There is no ¸ in font cmtt10!
Missing character: There is no  in font cmtt10!
./code/sample.m:1: Bad character code (-80).
<argument> \@tempcnta 
                      
l.1 ...tlabçš„å³ä¾§çº¿ï¼Œä¸€èˆ¬æ˜¯80å­—ç¬¦ä»¥å†…%
                                                  %%%%%%%%%%%%%%%%%%%%%%%%%%%%
A character number must be between 0 and 255.
I changed this one to zero.

./code/sample.m:1: Improper alphabetic constant.
<to be read again> 
                   \lst@EC¦ 
l.1 ...tlabçš„å³ä¾§çº¿ï¼Œä¸€èˆ¬æ˜¯80å­—ç¬¦ä»¥å†…%
                                                  %%%%%%%%%%%%%%%%%%%%%%%%%%%%
A one-character control sequence belongs after a ` mark.
So I'm essentially inserting \0 here.

./code/sample.m:1: Improper alphabetic constant.
<to be read again> 
                   \lst@EC 
l.1 ...tlabçš„å³ä¾§çº¿ï¼Œä¸€èˆ¬æ˜¯80å­—ç¬¦ä»¥å†…%
                                                  %%%%%%%%%%%%%%%%%%%%%%%%%%%%
A one-character control sequence belongs after a ` mark.
So I'm essentially inserting \0 here.

./code/sample.m:1: Missing = inserted for \ifnum.
<to be read again> 
                   ¦
l.1 ...tlabçš„å³ä¾§çº¿ï¼Œä¸€èˆ¬æ˜¯80å­—ç¬¦ä»¥å†…%
                                                  %%%%%%%%%%%%%%%%%%%%%%%%%%%%
I was expecting to see `<', `=', or `>'. Didn't.

./code/sample.m:1: Missing number, treated as zero.
<to be read again> 
                   ¦
l.1 ...tlabçš„å³ä¾§çº¿ï¼Œä¸€èˆ¬æ˜¯80å­—ç¬¦ä»¥å†…%
                                                  %%%%%%%%%%%%%%%%%%%%%%%%%%%%
A number should have been here; I inserted `0'.
(If you can't figure out why I needed to see a number,
look up `weird error' in the index to The TeXbook.)

./code/sample.m:1: Missing = inserted for \ifnum.
<to be read again> 
                   ¦
l.1 ...tlabçš„å³ä¾§çº¿ï¼Œä¸€èˆ¬æ˜¯80å­—ç¬¦ä»¥å†…%
                                                  %%%%%%%%%%%%%%%%%%%%%%%%%%%%
I was expecting to see `<', `=', or `>'. Didn't.

./code/sample.m:1: Missing number, treated as zero.
<to be read again> 
                   ¦
l.1 ...tlabçš„å³ä¾§çº¿ï¼Œä¸€èˆ¬æ˜¯80å­—ç¬¦ä»¥å†…%
                                                  %%%%%%%%%%%%%%%%%%%%%%%%%%%%
A number should have been here; I inserted `0'.
(If you can't figure out why I needed to see a number,
look up `weird error' in the index to The TeXbook.)

./code/sample.m:1: Missing = inserted for \ifnum.
<to be read again> 
                   
l.1 ...tlabçš„å³ä¾§çº¿ï¼Œä¸€èˆ¬æ˜¯80å­—ç¬¦ä»¥å†…%
                                                  %%%%%%%%%%%%%%%%%%%%%%%%%%%%
I was expecting to see `<', `=', or `>'. Didn't.

./code/sample.m:1: Missing number, treated as zero.
<to be read again> 
                   
l.1 ...tlabçš„å³ä¾§çº¿ï¼Œä¸€èˆ¬æ˜¯80å­—ç¬¦ä»¥å†…%
                                                  %%%%%%%%%%%%%%%%%%%%%%%%%%%%
A number should have been here; I inserted `0'.
(If you can't figure out why I needed to see a number,
look up `weird error' in the index to The TeXbook.)

./code/sample.m:1: Missing = inserted for \ifnum.
<to be read again> 
                   
l.1 ...tlabçš„å³ä¾§çº¿ï¼Œä¸€èˆ¬æ˜¯80å­—ç¬¦ä»¥å†…%
                                                  %%%%%%%%%%%%%%%%%%%%%%%%%%%%
I was expecting to see `<', `=', or `>'. Didn't.

./code/sample.m:1: Missing number, treated as zero.
<to be read again> 
                   
l.1 ...tlabçš„å³ä¾§çº¿ï¼Œä¸€èˆ¬æ˜¯80å­—ç¬¦ä»¥å†…%
                                                  %%%%%%%%%%%%%%%%%%%%%%%%%%%%
A number should have been here; I inserted `0'.
(If you can't figure out why I needed to see a number,
look up `weird error' in the index to The TeXbook.)

Missing character: There is no ¦ in font cmtt10!
Missing character: There is no ¦ in font cmtt10!
Missing character: There is no  in font cmtt10!
./code/sample.m:1: Bad character code (-80).
<argument> \@tempcnta 
                      
l.1 ...tlabçš„å³ä¾§çº¿ï¼Œä¸€èˆ¬æ˜¯80å­—ç¬¦ä»¥å†…%
                                                  %%%%%%%%%%%%%%%%%%%%%%%%%%%%
A character number must be between 0 and 255.
I changed this one to zero.

./code/sample.m:1: Improper alphabetic constant.
<to be read again> 
                   \lst@EC† 
l.1 ...tlabçš„å³ä¾§çº¿ï¼Œä¸€èˆ¬æ˜¯80å­—ç¬¦ä»¥å†…%
                                                  %%%%%%%%%%%%%%%%%%%%%%%%%%%%
A one-character control sequence belongs after a ` mark.
So I'm essentially inserting \0 here.

./code/sample.m:1: Improper alphabetic constant.
<to be read again> 
                   \lst@EC™ 
l.1 ...tlabçš„å³ä¾§çº¿ï¼Œä¸€èˆ¬æ˜¯80å­—ç¬¦ä»¥å†…%
                                                  %%%%%%%%%%%%%%%%%%%%%%%%%%%%
A one-character control sequence belongs after a ` mark.
So I'm essentially inserting \0 here.

./code/sample.m:1: Missing = inserted for \ifnum.
<to be read again> 
                   †
l.1 ...tlabçš„å³ä¾§çº¿ï¼Œä¸€èˆ¬æ˜¯80å­—ç¬¦ä»¥å†…%
                                                  %%%%%%%%%%%%%%%%%%%%%%%%%%%%
I was expecting to see `<', `=', or `>'. Didn't.

./code/sample.m:1: Missing number, treated as zero.
<to be read again> 
                   †
l.1 ...tlabçš„å³ä¾§çº¿ï¼Œä¸€èˆ¬æ˜¯80å­—ç¬¦ä»¥å†…%
                                                  %%%%%%%%%%%%%%%%%%%%%%%%%%%%
A number should have been here; I inserted `0'.
(If you can't figure out why I needed to see a number,
look up `weird error' in the index to The TeXbook.)

./code/sample.m:1: Missing = inserted for \ifnum.
<to be read again> 
                   †
l.1 ...tlabçš„å³ä¾§çº¿ï¼Œä¸€èˆ¬æ˜¯80å­—ç¬¦ä»¥å†…%
                                                  %%%%%%%%%%%%%%%%%%%%%%%%%%%%
I was expecting to see `<', `=', or `>'. Didn't.

./code/sample.m:1: Missing number, treated as zero.
<to be read again> 
                   †
l.1 ...tlabçš„å³ä¾§çº¿ï¼Œä¸€èˆ¬æ˜¯80å­—ç¬¦ä»¥å†…%
                                                  %%%%%%%%%%%%%%%%%%%%%%%%%%%%
A number should have been here; I inserted `0'.
(If you can't figure out why I needed to see a number,
look up `weird error' in the index to The TeXbook.)

./code/sample.m:1: Missing = inserted for \ifnum.
<to be read again> 
                   ™
l.1 ...tlabçš„å³ä¾§çº¿ï¼Œä¸€èˆ¬æ˜¯80å­—ç¬¦ä»¥å†…%
                                                  %%%%%%%%%%%%%%%%%%%%%%%%%%%%
I was expecting to see `<', `=', or `>'. Didn't.

./code/sample.m:1: Missing number, treated as zero.
<to be read again> 
                   ™
l.1 ...tlabçš„å³ä¾§çº¿ï¼Œä¸€èˆ¬æ˜¯80å­—ç¬¦ä»¥å†…%
                                                  %%%%%%%%%%%%%%%%%%%%%%%%%%%%
A number should have been here; I inserted `0'.
(If you can't figure out why I needed to see a number,
look up `weird error' in the index to The TeXbook.)

./code/sample.m:1: Missing = inserted for \ifnum.
<to be read again> 
                   ™
l.1 ...tlabçš„å³ä¾§çº¿ï¼Œä¸€èˆ¬æ˜¯80å­—ç¬¦ä»¥å†…%
                                                  %%%%%%%%%%%%%%%%%%%%%%%%%%%%
I was expecting to see `<', `=', or `>'. Didn't.

./code/sample.m:1: Missing number, treated as zero.
<to be read again> 
                   ™
l.1 ...tlabçš„å³ä¾§çº¿ï¼Œä¸€èˆ¬æ˜¯80å­—ç¬¦ä»¥å†…%
                                                  %%%%%%%%%%%%%%%%%%%%%%%%%%%%
A number should have been here; I inserted `0'.
(If you can't figure out why I needed to see a number,
look up `weird error' in the index to The TeXbook.)

Missing character: There is no † in font cmtt10!
Missing character: There is no † in font cmtt10!
Missing character: There is no ™ in font cmtt10!
./code/sample.m:1: Bad character code (-80).
<argument> \@tempcnta 
                      
l.1 ...tlabçš„å³ä¾§çº¿ï¼Œä¸€èˆ¬æ˜¯80å­—ç¬¦ä»¥å†…%
                                                  %%%%%%%%%%%%%%%%%%%%%%%%%%%%
A character number must be between 0 and 255.
I changed this one to zero.

./code/sample.m:1: Improper alphabetic constant.
<to be read again> 
                   \lst@EC¤ 
l.1 ...tlabçš„å³ä¾§çº¿ï¼Œä¸€èˆ¬æ˜¯80å­—ç¬¦ä»¥å†…%
                                                  %%%%%%%%%%%%%%%%%%%%%%%%%%%%
A one-character control sequence belongs after a ` mark.
So I'm essentially inserting \0 here.

./code/sample.m:1: Improper alphabetic constant.
<to be read again> 
                   \lst@ECª 
l.1 ...tlabçš„å³ä¾§çº¿ï¼Œä¸€èˆ¬æ˜¯80å­—ç¬¦ä»¥å†…%
                                                  %%%%%%%%%%%%%%%%%%%%%%%%%%%%
A one-character control sequence belongs after a ` mark.
So I'm essentially inserting \0 here.

./code/sample.m:1: Missing = inserted for \ifnum.
<to be read again> 
                   ¤
l.1 ...tlabçš„å³ä¾§çº¿ï¼Œä¸€èˆ¬æ˜¯80å­—ç¬¦ä»¥å†…%
                                                  %%%%%%%%%%%%%%%%%%%%%%%%%%%%
I was expecting to see `<', `=', or `>'. Didn't.

./code/sample.m:1: Missing number, treated as zero.
<to be read again> 
                   ¤
l.1 ...tlabçš„å³ä¾§çº¿ï¼Œä¸€èˆ¬æ˜¯80å­—ç¬¦ä»¥å†…%
                                                  %%%%%%%%%%%%%%%%%%%%%%%%%%%%
A number should have been here; I inserted `0'.
(If you can't figure out why I needed to see a number,
look up `weird error' in the index to The TeXbook.)

./code/sample.m:1: Missing = inserted for \ifnum.
<to be read again> 
                   ¤
l.1 ...tlabçš„å³ä¾§çº¿ï¼Œä¸€èˆ¬æ˜¯80å­—ç¬¦ä»¥å†…%
                                                  %%%%%%%%%%%%%%%%%%%%%%%%%%%%
I was expecting to see `<', `=', or `>'. Didn't.

./code/sample.m:1: Missing number, treated as zero.
<to be read again> 
                   ¤
l.1 ...tlabçš„å³ä¾§çº¿ï¼Œä¸€èˆ¬æ˜¯80å­—ç¬¦ä»¥å†…%
                                                  %%%%%%%%%%%%%%%%%%%%%%%%%%%%
A number should have been here; I inserted `0'.
(If you can't figure out why I needed to see a number,
look up `weird error' in the index to The TeXbook.)

./code/sample.m:1: Missing = inserted for \ifnum.
<to be read again> 
                   ª
l.1 ...tlabçš„å³ä¾§çº¿ï¼Œä¸€èˆ¬æ˜¯80å­—ç¬¦ä»¥å†…%
                                                  %%%%%%%%%%%%%%%%%%%%%%%%%%%%
I was expecting to see `<', `=', or `>'. Didn't.

./code/sample.m:1: Missing number, treated as zero.
<to be read again> 
                   ª
l.1 ...tlabçš„å³ä¾§çº¿ï¼Œä¸€èˆ¬æ˜¯80å­—ç¬¦ä»¥å†…%
                                                  %%%%%%%%%%%%%%%%%%%%%%%%%%%%
A number should have been here; I inserted `0'.
(If you can't figure out why I needed to see a number,
look up `weird error' in the index to The TeXbook.)

./code/sample.m:1: Missing = inserted for \ifnum.
<to be read again> 
                   ª
l.1 ...tlabçš„å³ä¾§çº¿ï¼Œä¸€èˆ¬æ˜¯80å­—ç¬¦ä»¥å†…%
                                                  %%%%%%%%%%%%%%%%%%%%%%%%%%%%
I was expecting to see `<', `=', or `>'. Didn't.

./code/sample.m:1: Missing number, treated as zero.
<to be read again> 
                   ª
l.1 ...tlabçš„å³ä¾§çº¿ï¼Œä¸€èˆ¬æ˜¯80å­—ç¬¦ä»¥å†…%
                                                  %%%%%%%%%%%%%%%%%%%%%%%%%%%%
A number should have been here; I inserted `0'.
(If you can't figure out why I needed to see a number,
look up `weird error' in the index to The TeXbook.)

Missing character: There is no ¤ in font cmtt10!
Missing character: There is no ¤ in font cmtt10!
Missing character: There is no ª in font cmtt10!
./code/sample.m:1: Bad character code (-80).
<argument> \@tempcnta 
                      
l.1 ...tlabçš„å³ä¾§çº¿ï¼Œä¸€èˆ¬æ˜¯80å­—ç¬¦ä»¥å†…%
                                                  %%%%%%%%%%%%%%%%%%%%%%%%%%%%
A character number must be between 0 and 255.
I changed this one to zero.

./code/sample.m:1: Improper alphabetic constant.
<to be read again> 
                   \lst@EC• 
l.1 ...tlabçš„å³ä¾§çº¿ï¼Œä¸€èˆ¬æ˜¯80å­—ç¬¦ä»¥å†…%
                                                  %%%%%%%%%%%%%%%%%%%%%%%%%%%%
A one-character control sequence belongs after a ` mark.
So I'm essentially inserting \0 here.

./code/sample.m:1: Improper alphabetic constant.
<to be read again> 
                   \lst@EC¿ 
l.1 ...tlabçš„å³ä¾§çº¿ï¼Œä¸€èˆ¬æ˜¯80å­—ç¬¦ä»¥å†…%
                                                  %%%%%%%%%%%%%%%%%%%%%%%%%%%%
A one-character control sequence belongs after a ` mark.
So I'm essentially inserting \0 here.

./code/sample.m:1: Missing = inserted for \ifnum.
<to be read again> 
                   •
l.1 ...tlabçš„å³ä¾§çº¿ï¼Œä¸€èˆ¬æ˜¯80å­—ç¬¦ä»¥å†…%
                                                  %%%%%%%%%%%%%%%%%%%%%%%%%%%%
I was expecting to see `<', `=', or `>'. Didn't.

./code/sample.m:1: Missing number, treated as zero.
<to be read again> 
                   •
l.1 ...tlabçš„å³ä¾§çº¿ï¼Œä¸€èˆ¬æ˜¯80å­—ç¬¦ä»¥å†…%
                                                  %%%%%%%%%%%%%%%%%%%%%%%%%%%%
A number should have been here; I inserted `0'.
(If you can't figure out why I needed to see a number,
look up `weird error' in the index to The TeXbook.)

./code/sample.m:1: Missing = inserted for \ifnum.
<to be read again> 
                   •
l.1 ...tlabçš„å³ä¾§çº¿ï¼Œä¸€èˆ¬æ˜¯80å­—ç¬¦ä»¥å†…%
                                                  %%%%%%%%%%%%%%%%%%%%%%%%%%%%
I was expecting to see `<', `=', or `>'. Didn't.

./code/sample.m:1: Missing number, treated as zero.
<to be read again> 
                   •
l.1 ...tlabçš„å³ä¾§çº¿ï¼Œä¸€èˆ¬æ˜¯80å­—ç¬¦ä»¥å†…%
                                                  %%%%%%%%%%%%%%%%%%%%%%%%%%%%
A number should have been here; I inserted `0'.
(If you can't figure out why I needed to see a number,
look up `weird error' in the index to The TeXbook.)

./code/sample.m:1: Missing = inserted for \ifnum.
<to be read again> 
                   ¿
l.1 ...tlabçš„å³ä¾§çº¿ï¼Œä¸€èˆ¬æ˜¯80å­—ç¬¦ä»¥å†…%
                                                  %%%%%%%%%%%%%%%%%%%%%%%%%%%%
I was expecting to see `<', `=', or `>'. Didn't.

./code/sample.m:1: Missing number, treated as zero.
<to be read again> 
                   ¿
l.1 ...tlabçš„å³ä¾§çº¿ï¼Œä¸€èˆ¬æ˜¯80å­—ç¬¦ä»¥å†…%
                                                  %%%%%%%%%%%%%%%%%%%%%%%%%%%%
A number should have been here; I inserted `0'.
(If you can't figure out why I needed to see a number,
look up `weird error' in the index to The TeXbook.)

./code/sample.m:1: Missing = inserted for \ifnum.
<to be read again> 
                   ¿
l.1 ...tlabçš„å³ä¾§çº¿ï¼Œä¸€èˆ¬æ˜¯80å­—ç¬¦ä»¥å†…%
                                                  %%%%%%%%%%%%%%%%%%%%%%%%%%%%
I was expecting to see `<', `=', or `>'. Didn't.

./code/sample.m:1: Missing number, treated as zero.
<to be read again> 
                   ¿
l.1 ...tlabçš„å³ä¾§çº¿ï¼Œä¸€èˆ¬æ˜¯80å­—ç¬¦ä»¥å†…%
                                                  %%%%%%%%%%%%%%%%%%%%%%%%%%%%
A number should have been here; I inserted `0'.
(If you can't figure out why I needed to see a number,
look up `weird error' in the index to The TeXbook.)

Missing character: There is no • in font cmtt10!
Missing character: There is no • in font cmtt10!
Missing character: There is no ¿ in font cmtt10!
./code/sample.m:1: Bad character code (-80).
<argument> \@tempcnta 
                      
l.1 ...tlabçš„å³ä¾§çº¿ï¼Œä¸€èˆ¬æ˜¯80å­—ç¬¦ä»¥å†…%
                                                  %%%%%%%%%%%%%%%%%%%%%%%%%%%%
A character number must be between 0 and 255.
I changed this one to zero.

./code/sample.m:1: Improper alphabetic constant.
<to be read again> 
                   \lst@EC¼ 
l.1 ...tlabçš„å³ä¾§çº¿ï¼Œä¸€èˆ¬æ˜¯80å­—ç¬¦ä»¥å†…%
                                                  %%%%%%%%%%%%%%%%%%%%%%%%%%%%
A one-character control sequence belongs after a ` mark.
So I'm essentially inserting \0 here.

./code/sample.m:1: Improper alphabetic constant.
<to be read again> 
                   \lst@ECŒ 
l.1 ...tlabçš„å³ä¾§çº¿ï¼Œä¸€èˆ¬æ˜¯80å­—ç¬¦ä»¥å†…%
                                                  %%%%%%%%%%%%%%%%%%%%%%%%%%%%
A one-character control sequence belongs after a ` mark.
So I'm essentially inserting \0 here.

./code/sample.m:1: Missing = inserted for \ifnum.
<to be read again> 
                   ¼
l.1 ...tlabçš„å³ä¾§çº¿ï¼Œä¸€èˆ¬æ˜¯80å­—ç¬¦ä»¥å†…%
                                                  %%%%%%%%%%%%%%%%%%%%%%%%%%%%
I was expecting to see `<', `=', or `>'. Didn't.

./code/sample.m:1: Missing number, treated as zero.
<to be read again> 
                   ¼
l.1 ...tlabçš„å³ä¾§çº¿ï¼Œä¸€èˆ¬æ˜¯80å­—ç¬¦ä»¥å†…%
                                                  %%%%%%%%%%%%%%%%%%%%%%%%%%%%
A number should have been here; I inserted `0'.
(If you can't figure out why I needed to see a number,
look up `weird error' in the index to The TeXbook.)

./code/sample.m:1: Missing = inserted for \ifnum.
<to be read again> 
                   ¼
l.1 ...tlabçš„å³ä¾§çº¿ï¼Œä¸€èˆ¬æ˜¯80å­—ç¬¦ä»¥å†…%
                                                  %%%%%%%%%%%%%%%%%%%%%%%%%%%%
I was expecting to see `<', `=', or `>'. Didn't.

./code/sample.m:1: Missing number, treated as zero.
<to be read again> 
                   ¼
l.1 ...tlabçš„å³ä¾§çº¿ï¼Œä¸€èˆ¬æ˜¯80å­—ç¬¦ä»¥å†…%
                                                  %%%%%%%%%%%%%%%%%%%%%%%%%%%%
A number should have been here; I inserted `0'.
(If you can't figure out why I needed to see a number,
look up `weird error' in the index to The TeXbook.)

./code/sample.m:1: Missing = inserted for \ifnum.
<to be read again> 
                   Œ
l.1 ...tlabçš„å³ä¾§çº¿ï¼Œä¸€èˆ¬æ˜¯80å­—ç¬¦ä»¥å†…%
                                                  %%%%%%%%%%%%%%%%%%%%%%%%%%%%
I was expecting to see `<', `=', or `>'. Didn't.

./code/sample.m:1: Missing number, treated as zero.
<to be read again> 
                   Œ
l.1 ...tlabçš„å³ä¾§çº¿ï¼Œä¸€èˆ¬æ˜¯80å­—ç¬¦ä»¥å†…%
                                                  %%%%%%%%%%%%%%%%%%%%%%%%%%%%
A number should have been here; I inserted `0'.
(If you can't figure out why I needed to see a number,
look up `weird error' in the index to The TeXbook.)

./code/sample.m:1: Missing = inserted for \ifnum.
<to be read again> 
                   Œ
l.1 ...tlabçš„å³ä¾§çº¿ï¼Œä¸€èˆ¬æ˜¯80å­—ç¬¦ä»¥å†…%
                                                  %%%%%%%%%%%%%%%%%%%%%%%%%%%%
I was expecting to see `<', `=', or `>'. Didn't.

./code/sample.m:1: Missing number, treated as zero.
<to be read again> 
                   Œ
l.1 ...tlabçš„å³ä¾§çº¿ï¼Œä¸€èˆ¬æ˜¯80å­—ç¬¦ä»¥å†…%
                                                  %%%%%%%%%%%%%%%%%%%%%%%%%%%%
A number should have been here; I inserted `0'.
(If you can't figure out why I needed to see a number,
look up `weird error' in the index to The TeXbook.)

Missing character: There is no ¼ in font cmtt10!
Missing character: There is no ¼ in font cmtt10!
Missing character: There is no Œ in font cmtt10!
Package CJKpunct Info: use punctuation spaces for family 'zhfs' with punctstyle (quanjiao) on input line 1.
./code/sample.m:1: Bad character code (-80).
<argument> \@tempcnta 
                      
l.1 ...tlabçš„å³ä¾§çº¿ï¼Œä¸€èˆ¬æ˜¯80å­—ç¬¦ä»¥å†…%
                                                  %%%%%%%%%%%%%%%%%%%%%%%%%%%%
A character number must be between 0 and 255.
I changed this one to zero.

./code/sample.m:1: Improper alphabetic constant.
<to be read again> 
                   \lst@ECœ 
l.1 ...tlabçš„å³ä¾§çº¿ï¼Œä¸€èˆ¬æ˜¯80å­—ç¬¦ä»¥å†…%
                                                  %%%%%%%%%%%%%%%%%%%%%%%%%%%%
A one-character control sequence belongs after a ` mark.
So I'm essentially inserting \0 here.

./code/sample.m:1: Improper alphabetic constant.
<to be read again> 
                   \lst@EC‹ 
l.1 ...tlabçš„å³ä¾§çº¿ï¼Œä¸€èˆ¬æ˜¯80å­—ç¬¦ä»¥å†…%
                                                  %%%%%%%%%%%%%%%%%%%%%%%%%%%%
A one-character control sequence belongs after a ` mark.
So I'm essentially inserting \0 here.

./code/sample.m:1: Missing = inserted for \ifnum.
<to be read again> 
                   œ
l.1 ...tlabçš„å³ä¾§çº¿ï¼Œä¸€èˆ¬æ˜¯80å­—ç¬¦ä»¥å†…%
                                                  %%%%%%%%%%%%%%%%%%%%%%%%%%%%
I was expecting to see `<', `=', or `>'. Didn't.

./code/sample.m:1: Missing number, treated as zero.
<to be read again> 
                   œ
l.1 ...tlabçš„å³ä¾§çº¿ï¼Œä¸€èˆ¬æ˜¯80å­—ç¬¦ä»¥å†…%
                                                  %%%%%%%%%%%%%%%%%%%%%%%%%%%%
A number should have been here; I inserted `0'.
(If you can't figure out why I needed to see a number,
look up `weird error' in the index to The TeXbook.)

./code/sample.m:1: Missing = inserted for \ifnum.
<to be read again> 
                   œ
l.1 ...tlabçš„å³ä¾§çº¿ï¼Œä¸€èˆ¬æ˜¯80å­—ç¬¦ä»¥å†…%
                                                  %%%%%%%%%%%%%%%%%%%%%%%%%%%%
I was expecting to see `<', `=', or `>'. Didn't.

./code/sample.m:1: Missing number, treated as zero.
<to be read again> 
                   œ
l.1 ...tlabçš„å³ä¾§çº¿ï¼Œä¸€èˆ¬æ˜¯80å­—ç¬¦ä»¥å†…%
                                                  %%%%%%%%%%%%%%%%%%%%%%%%%%%%
A number should have been here; I inserted `0'.
(If you can't figure out why I needed to see a number,
look up `weird error' in the index to The TeXbook.)

./code/sample.m:1: Missing = inserted for \ifnum.
<to be read again> 
                   ‹
l.1 ...tlabçš„å³ä¾§çº¿ï¼Œä¸€èˆ¬æ˜¯80å­—ç¬¦ä»¥å†…%
                                                  %%%%%%%%%%%%%%%%%%%%%%%%%%%%
I was expecting to see `<', `=', or `>'. Didn't.

./code/sample.m:1: Missing number, treated as zero.
<to be read again> 
                   ‹
l.1 ...tlabçš„å³ä¾§çº¿ï¼Œä¸€èˆ¬æ˜¯80å­—ç¬¦ä»¥å†…%
                                                  %%%%%%%%%%%%%%%%%%%%%%%%%%%%
A number should have been here; I inserted `0'.
(If you can't figure out why I needed to see a number,
look up `weird error' in the index to The TeXbook.)

./code/sample.m:1: Missing = inserted for \ifnum.
<to be read again> 
                   ‹
l.1 ...tlabçš„å³ä¾§çº¿ï¼Œä¸€èˆ¬æ˜¯80å­—ç¬¦ä»¥å†…%
                                                  %%%%%%%%%%%%%%%%%%%%%%%%%%%%
I was expecting to see `<', `=', or `>'. Didn't.

./code/sample.m:1: Missing number, treated as zero.
<to be read again> 
                   ‹
l.1 ...tlabçš„å³ä¾§çº¿ï¼Œä¸€èˆ¬æ˜¯80å­—ç¬¦ä»¥å†…%
                                                  %%%%%%%%%%%%%%%%%%%%%%%%%%%%
A number should have been here; I inserted `0'.
(If you can't figure out why I needed to see a number,
look up `weird error' in the index to The TeXbook.)

Missing character: There is no œ in font cmtt10!
Missing character: There is no œ in font cmtt10!
Missing character: There is no ‹ in font cmtt10!
./code/sample.m:1: Bad character code (-80).
<argument> \@tempcnta 
                      
l.1 ...tlabçš„å³ä¾§çº¿ï¼Œä¸€èˆ¬æ˜¯80å­—ç¬¦ä»¥å†…%
                                                  %%%%%%%%%%%%%%%%%%%%%%%%%%%%
A character number must be between 0 and 255.
I changed this one to zero.

./code/sample.m:1: Improper alphabetic constant.
<to be read again> 
                   \lst@EC 
l.1 ...tlabçš„å³ä¾§çº¿ï¼Œä¸€èˆ¬æ˜¯80å­—ç¬¦ä»¥å†…%
                                                  %%%%%%%%%%%%%%%%%%%%%%%%%%%%
(That makes 100 errors; please try again.) 
Here is how much of TeX's memory you used:
 21574 strings out of 474116
 359738 string characters out of 5747215
 1954190 words of memory out of 5000000
 43255 multiletter control sequences out of 15000+600000
 614889 words of font info for 243 fonts, out of 8000000 for 9000
 1141 hyphenation exceptions out of 8191
 80i,16n,83p,2718b,2158s stack positions out of 10000i,1000n,20000p,200000b,200000s

./code/sample.m:1:  ==> Fatal error occurred, no output PDF file produced!
